============================= test session starts =============================
platform win32 -- Python 3.14.2, pytest-9.0.2, pluggy-1.6.0 -- C:\develop\law\.venv\Scripts\python.exe
cachedir: .pytest_cache
rootdir: C:\develop\law
configfile: pyproject.toml
plugins: anyio-4.12.1, asyncio-1.3.0
asyncio: mode=Mode.AUTO, debug=False, asyncio_default_fixture_loop_scope=function, asyncio_default_test_loop_scope=function
collecting ... collected 6 items

tests/test_db_quality.py::test_all_shards_exist PASSED
tests/test_db_quality.py::test_table_presence PASSED
tests/test_db_quality.py::test_statutes_quality PASSED
tests/test_db_quality.py::test_admin_rules_quality PASSED
tests/test_db_quality.py::test_precedents_quality FAILED
tests/test_db_quality.py::test_duplicate_entries PASSED

================================== FAILURES ===================================
___________________________ test_precedents_quality ___________________________

precedents_db = <aiosqlite.core.Connection object at 0x00000228DD899A50>
decisions_db = <aiosqlite.core.Connection object at 0x00000228DD7ADCD0>

    @pytest.mark.asyncio
    async def test_precedents_quality(precedents_db, decisions_db):
        """Check data quality of both precedent shards (precedents/decisions)."""
    
        for shard_key, db in [("precedents", precedents_db), ("decisions", decisions_db)]:
            async with db.execute("SELECT COUNT(*) as cnt FROM precedents") as cursor:
                row = await cursor.fetchone()
                count = row['cnt']
    
            if count == 0:
                continue  # Decisions shard might be empty
    
            # Check for empty content
            async with db.execute("SELECT COUNT(*) as cnt FROM precedents WHERE full_text IS NULL AND summary IS NULL") as cursor:
                row = await cursor.fetchone()
>               assert row['cnt'] == 0, f"[{shard_key}] Found precedents with no text content"
E               AssertionError: [precedents] Found precedents with no text content
E               assert 9 == 0

tests\test_db_quality.py:79: AssertionError
=========================== short test summary info ===========================
FAILED tests/test_db_quality.py::test_precedents_quality - AssertionError: [p...
========================= 1 failed, 5 passed in 0.11s =========================